c:\users\jbort\onedrive\documents\visual studio 2010\projects\lp_prova_b1_11_09_2013_tarde\hotel_lp_prova\debug\funcoes.obj
c:\users\jbort\onedrive\documents\visual studio 2010\projects\lp_prova_b1_11_09_2013_tarde\hotel_lp_prova\debug\hotel.obj
c:\users\jbort\onedrive\documents\visual studio 2010\projects\lp_prova_b1_11_09_2013_tarde\hotel_lp_prova\debug\vc100.pdb
c:\users\jbort\onedrive\documents\visual studio 2010\projects\lp_prova_b1_11_09_2013_tarde\debug\hotel_lp_prova.ilk
c:\users\jbort\onedrive\documents\visual studio 2010\projects\lp_prova_b1_11_09_2013_tarde\debug\hotel_lp_prova.exe
c:\users\jbort\onedrive\documents\visual studio 2010\projects\lp_prova_b1_11_09_2013_tarde\hotel_lp_prova\debug\hotel_lp_prova.exe.intermediate.manifest
c:\users\jbort\onedrive\documents\visual studio 2010\projects\lp_prova_b1_11_09_2013_tarde\debug\hotel_lp_prova.pdb
c:\users\jbort\onedrive\documents\visual studio 2010\projects\lp_prova_b1_11_09_2013_tarde\hotel_lp_prova\debug\hotel_lp_prova.exe.embed.manifest
c:\users\jbort\onedrive\documents\visual studio 2010\projects\lp_prova_b1_11_09_2013_tarde\hotel_lp_prova\debug\hotel_lp_prova.exe.embed.manifest.res
c:\users\fatec\documents\visual studio 2015\projects\lp_prova_p1_11_10_2017_tarde\hotel_lp_prova\debug\vc140.pdb
c:\users\fatec\documents\visual studio 2015\projects\lp_prova_p1_11_10_2017_tarde\hotel_lp_prova\debug\vc140.idb
c:\users\fatec\documents\visual studio 2015\projects\lp_prova_p1_11_10_2017_tarde\hotel_lp_prova\debug\funcoes.obj
c:\users\fatec\documents\visual studio 2015\projects\lp_prova_p1_11_10_2017_tarde\hotel_lp_prova\debug\hotel.obj
c:\users\fatec\documents\visual studio 2015\projects\lp_prova_p1_11_10_2017_tarde\debug\hotel_lp_prova.ilk
c:\users\fatec\documents\visual studio 2015\projects\lp_prova_p1_11_10_2017_tarde\debug\hotel_lp_prova.exe
c:\users\fatec\documents\visual studio 2015\projects\lp_prova_p1_11_10_2017_tarde\debug\hotel_lp_prova.pdb
c:\users\anderson\desktop\lp_prova_p1_11_10_2017_noite\hotel_lp_prova\debug\hotel_lp_prova.vcxprojresolveassemblyreference.cache
c:\users\anderson\desktop\lp_prova_p1_11_10_2017_noite\hotel_lp_prova\debug\funcoes.obj
c:\users\anderson\desktop\lp_prova_p1_11_10_2017_noite\hotel_lp_prova\debug\hotel.obj
c:\users\anderson\desktop\lp_prova_p1_11_10_2017_noite\hotel_lp_prova\debug\cl.command.1.tlog
c:\users\anderson\desktop\lp_prova_p1_11_10_2017_noite\hotel_lp_prova\debug\cl.read.1.tlog
c:\users\anderson\desktop\lp_prova_p1_11_10_2017_noite\hotel_lp_prova\debug\cl.write.1.tlog
c:\users\anderson\desktop\lp_prova_p1_11_10_2017_noite\hotel_lp_prova\debug\hotel_lp_prova.write.1.tlog
c:\users\anderson\desktop\lp_prova_p1_11_10_2017_noite\hotel_lp_prova\debug\link-cvtres.read.1.tlog
c:\users\anderson\desktop\lp_prova_p1_11_10_2017_noite\hotel_lp_prova\debug\link-cvtres.write.1.tlog
c:\users\anderson\desktop\lp_prova_p1_11_10_2017_noite\hotel_lp_prova\debug\link.8536-cvtres.read.1.tlog
c:\users\anderson\desktop\lp_prova_p1_11_10_2017_noite\hotel_lp_prova\debug\link.8536-cvtres.write.1.tlog
c:\users\anderson\desktop\lp_prova_p1_11_10_2017_noite\hotel_lp_prova\debug\link.8536.read.1.tlog
c:\users\anderson\desktop\lp_prova_p1_11_10_2017_noite\hotel_lp_prova\debug\link.8536.write.1.tlog
c:\users\anderson\desktop\lp_prova_p1_11_10_2017_noite\hotel_lp_prova\debug\link.command.1.tlog
c:\users\anderson\desktop\lp_prova_p1_11_10_2017_noite\hotel_lp_prova\debug\link.read.1.tlog
c:\users\anderson\desktop\lp_prova_p1_11_10_2017_noite\hotel_lp_prova\debug\link.write.1.tlog
c:\users\anderson\desktop\lp_prova_p1_11_10_2017_noite\hotel_lp_prova\debug\mt.command.1.tlog
c:\users\anderson\desktop\lp_prova_p1_11_10_2017_noite\hotel_lp_prova\debug\mt.read.1.tlog
c:\users\anderson\desktop\lp_prova_p1_11_10_2017_noite\hotel_lp_prova\debug\mt.write.1.tlog
c:\users\anderson\desktop\lp_prova_p1_11_10_2017_noite\hotel_lp_prova\debug\rc.command.1.tlog
c:\users\anderson\desktop\lp_prova_p1_11_10_2017_noite\hotel_lp_prova\debug\rc.read.1.tlog
c:\users\anderson\desktop\lp_prova_p1_11_10_2017_noite\hotel_lp_prova\debug\rc.write.1.tlog
c:\users\anderson\desktop\lp_prova_p1_11_10_2017_noite\hotel_lp_prova\debug\hotel_lp_prova.exe.embed.manifest
c:\users\anderson\desktop\lp_prova_p1_11_10_2017_noite\hotel_lp_prova\debug\hotel_lp_prova.exe.intermediate.manifest
c:\users\anderson\desktop\lp_prova_p1_11_10_2017_noite\hotel_lp_prova\debug\hotel_lp_prova.exe.embed.manifest.res
c:\users\anderson\desktop\lp_prova_p1_11_10_2017_noite\hotel_lp_prova\debug\vc100.idb
c:\users\anderson\desktop\lp_prova_p1_11_10_2017_noite\hotel_lp_prova\debug\vc140.idb
c:\users\anderson\desktop\lp_prova_p1_11_10_2017_noite\hotel_lp_prova\debug\vc100.pdb
c:\users\anderson\desktop\lp_prova_p1_11_10_2017_noite\hotel_lp_prova\debug\vc140.pdb
c:\users\anderson\desktop\lp_prova_p1_11_10_2017_noite\hotel_lp_prova\debug\hotel_lp_prova_manifest.rc
c:\users\anderson\desktop\lp_prova_p1_11_10_2017_noite\debug\hotel_lp_prova.pdb
c:\users\anderson\desktop\lp_prova_p1_11_10_2017_noite\debug\hotel_lp_prova.exe
c:\users\anderson\desktop\lp_prova_p1_11_10_2017_noite\debug\hotel_lp_prova.ilk
c:\users\anderson\desktop\lp_prova_p1_11_10_2017_noite\hotel_lp_prova\debug\hotel_lp_prova.tlog\cl.command.1.tlog
c:\users\anderson\desktop\lp_prova_p1_11_10_2017_noite\hotel_lp_prova\debug\hotel_lp_prova.tlog\cl.read.1.tlog
c:\users\anderson\desktop\lp_prova_p1_11_10_2017_noite\hotel_lp_prova\debug\hotel_lp_prova.tlog\cl.write.1.tlog
c:\users\anderson\desktop\lp_prova_p1_11_10_2017_noite\hotel_lp_prova\debug\hotel_lp_prova.tlog\link.command.1.tlog
c:\users\anderson\desktop\lp_prova_p1_11_10_2017_noite\hotel_lp_prova\debug\hotel_lp_prova.tlog\link.read.1.tlog
c:\users\anderson\desktop\lp_prova_p1_11_10_2017_noite\hotel_lp_prova\debug\hotel_lp_prova.tlog\link.write.1.tlog
