C:\USERS\JOSE CARLOS\DOCUMENTS\VISUAL STUDIO 2010\PROJECTS\LP_EXAME_14_06_2017\DEBUG\LP_PROVAP2_31_05_2017.EXE
C:\USERS\JOSE CARLOS\DOCUMENTS\VISUAL STUDIO 2010\PROJECTS\LP_EXAME_14_06_2017\DEBUG\LP_PROVAP2_31_05_2017.ILK
C:\USERS\JOSE CARLOS\DOCUMENTS\VISUAL STUDIO 2010\PROJECTS\LP_EXAME_14_06_2017\DEBUG\LP_PROVAP2_31_05_2017.PDB
C:\Users\Jose Carlos\Documents\Visual Studio 2010\Projects\LP_Exame_14_06_2017\LP_ProvaP2_31_05_2017\Debug\cl.command.1.tlog
C:\Users\Jose Carlos\Documents\Visual Studio 2010\Projects\LP_Exame_14_06_2017\LP_ProvaP2_31_05_2017\Debug\CL.read.1.tlog
C:\Users\Jose Carlos\Documents\Visual Studio 2010\Projects\LP_Exame_14_06_2017\LP_ProvaP2_31_05_2017\Debug\CL.write.1.tlog
C:\Users\Jose Carlos\Documents\Visual Studio 2010\Projects\LP_Exame_14_06_2017\LP_ProvaP2_31_05_2017\Debug\link.10924.read.1.tlog
C:\Users\Jose Carlos\Documents\Visual Studio 2010\Projects\LP_Exame_14_06_2017\LP_ProvaP2_31_05_2017\Debug\link.10924.write.1.tlog
C:\Users\Jose Carlos\Documents\Visual Studio 2010\Projects\LP_Exame_14_06_2017\LP_ProvaP2_31_05_2017\Debug\link.10924-cvtres.read.1.tlog
C:\Users\Jose Carlos\Documents\Visual Studio 2010\Projects\LP_Exame_14_06_2017\LP_ProvaP2_31_05_2017\Debug\link.10924-cvtres.write.1.tlog
C:\Users\Jose Carlos\Documents\Visual Studio 2010\Projects\LP_Exame_14_06_2017\LP_ProvaP2_31_05_2017\Debug\link.command.1.tlog
C:\Users\Jose Carlos\Documents\Visual Studio 2010\Projects\LP_Exame_14_06_2017\LP_ProvaP2_31_05_2017\Debug\link.read.1.tlog
C:\Users\Jose Carlos\Documents\Visual Studio 2010\Projects\LP_Exame_14_06_2017\LP_ProvaP2_31_05_2017\Debug\link.write.1.tlog
C:\Users\Jose Carlos\Documents\Visual Studio 2010\Projects\LP_Exame_14_06_2017\LP_ProvaP2_31_05_2017\Debug\link-cvtres.read.1.tlog
C:\Users\Jose Carlos\Documents\Visual Studio 2010\Projects\LP_Exame_14_06_2017\LP_ProvaP2_31_05_2017\Debug\link-cvtres.write.1.tlog
C:\USERS\JOSE CARLOS\DOCUMENTS\VISUAL STUDIO 2010\PROJECTS\LP_EXAME_14_06_2017\LP_PROVAP2_31_05_2017\DEBUG\LP_PROVAP2_31_05_2017.EXE.EMBED.MANIFEST
C:\USERS\JOSE CARLOS\DOCUMENTS\VISUAL STUDIO 2010\PROJECTS\LP_EXAME_14_06_2017\LP_PROVAP2_31_05_2017\DEBUG\LP_PROVAP2_31_05_2017.EXE.EMBED.MANIFEST.RES
C:\USERS\JOSE CARLOS\DOCUMENTS\VISUAL STUDIO 2010\PROJECTS\LP_EXAME_14_06_2017\LP_PROVAP2_31_05_2017\DEBUG\LP_PROVAP2_31_05_2017.EXE.INTERMEDIATE.MANIFEST
C:\Users\Jose Carlos\Documents\Visual Studio 2010\Projects\LP_Exame_14_06_2017\LP_ProvaP2_31_05_2017\Debug\LP_ProvaP2_31_05_2017.vcxprojResolveAssemblyReference.cache
C:\Users\Jose Carlos\Documents\Visual Studio 2010\Projects\LP_Exame_14_06_2017\LP_ProvaP2_31_05_2017\Debug\LP_ProvaP2_31_05_2017.write.1.tlog
C:\Users\Jose Carlos\Documents\Visual Studio 2010\Projects\LP_Exame_14_06_2017\LP_ProvaP2_31_05_2017\Debug\LP_ProvaP2_31_05_2017_manifest.rc
C:\Users\Jose Carlos\Documents\Visual Studio 2010\Projects\LP_Exame_14_06_2017\LP_ProvaP2_31_05_2017\Debug\mt.command.1.tlog
C:\Users\Jose Carlos\Documents\Visual Studio 2010\Projects\LP_Exame_14_06_2017\LP_ProvaP2_31_05_2017\Debug\mt.read.1.tlog
C:\Users\Jose Carlos\Documents\Visual Studio 2010\Projects\LP_Exame_14_06_2017\LP_ProvaP2_31_05_2017\Debug\mt.write.1.tlog
C:\USERS\JOSE CARLOS\DOCUMENTS\VISUAL STUDIO 2010\PROJECTS\LP_EXAME_14_06_2017\LP_PROVAP2_31_05_2017\DEBUG\PONTOVENDA.OBJ
C:\Users\Jose Carlos\Documents\Visual Studio 2010\Projects\LP_Exame_14_06_2017\LP_ProvaP2_31_05_2017\Debug\rc.command.1.tlog
C:\Users\Jose Carlos\Documents\Visual Studio 2010\Projects\LP_Exame_14_06_2017\LP_ProvaP2_31_05_2017\Debug\rc.read.1.tlog
C:\Users\Jose Carlos\Documents\Visual Studio 2010\Projects\LP_Exame_14_06_2017\LP_ProvaP2_31_05_2017\Debug\rc.write.1.tlog
C:\Users\Jose Carlos\Documents\Visual Studio 2010\Projects\LP_Exame_14_06_2017\LP_ProvaP2_31_05_2017\Debug\vc100.idb
C:\USERS\JOSE CARLOS\DOCUMENTS\VISUAL STUDIO 2010\PROJECTS\LP_EXAME_14_06_2017\LP_PROVAP2_31_05_2017\DEBUG\VC100.PDB
